<?xml version="1.0" encoding="UTF-8"?>
<!-- Generated by org.testng.reporters.JUnitReportReporter -->
<testsuite hostname="DESKTOP-T93JTV2" failures="0" tests="1" name="runners.reimbursement_runner" time="52.053" errors="0" timestamp="2025-04-22T13:56:21 IST" skipped="0">
  <testcase classname="runners.reimbursement_runner" name="runScenario" time="52.053"/>
</testsuite> <!-- runners.reimbursement_runner -->
