<?xml version="1.0" encoding="UTF-8"?>
<!-- Generated by org.testng.reporters.JUnitReportReporter -->
<testsuite hostname="DESKTOP-T93JTV2" failures="0" tests="10" name="runners.LeaveTypeRunner" time="327.962" errors="0" timestamp="2025-05-09T18:27:34 IST" skipped="0">
  <testcase classname="runners.LeaveTypeRunner" name="runScenario" time="35.095"/>
  <testcase classname="runners.LeaveTypeRunner" name="runScenario" time="33.036"/>
  <testcase classname="runners.LeaveTypeRunner" name="runScenario" time="35.237"/>
  <testcase classname="runners.LeaveTypeRunner" name="runScenario" time="29.991"/>
  <testcase classname="runners.LeaveTypeRunner" name="runScenario" time="31.835"/>
  <testcase classname="runners.LeaveTypeRunner" name="runScenario" time="30.413"/>
  <testcase classname="runners.LeaveTypeRunner" name="runScenario" time="34.668"/>
  <testcase classname="runners.LeaveTypeRunner" name="runScenario" time="34.551"/>
  <testcase classname="runners.LeaveTypeRunner" name="runScenario" time="27.970"/>
  <testcase classname="runners.LeaveTypeRunner" name="runScenario" time="35.166"/>
</testsuite> <!-- runners.LeaveTypeRunner -->
