<?xml version="1.0" encoding="UTF-8"?>
<!-- Generated by org.testng.reporters.JUnitReportReporter -->
<testsuite hostname="DESKTOP-T93JTV2" failures="0" tests="1" name="runners.FailedTestRunner" time="94.422" errors="0" timestamp="2025-05-09T12:09:43 IST" skipped="0">
  <testcase classname="runners.FailedTestRunner" name="runScenario" time="94.422"/>
</testsuite> <!-- runners.FailedTestRunner -->
