<?xml version="1.0" encoding="UTF-8"?>
<!-- Generated by org.testng.reporters.JUnitReportReporter -->
<testsuite hostname="DESKTOP-T93JTV2" failures="0" tests="8" name="runners.LoginRunner" time="104.634" errors="0" timestamp="2025-04-23T15:17:01 IST" skipped="0">
  <testcase classname="runners.LoginRunner" name="runScenario" time="12.235"/>
  <testcase classname="runners.LoginRunner" name="runScenario" time="15.041"/>
  <testcase classname="runners.LoginRunner" name="runScenario" time="13.187"/>
  <testcase classname="runners.LoginRunner" name="runScenario" time="9.524"/>
  <testcase classname="runners.LoginRunner" name="runScenario" time="15.873"/>
  <testcase classname="runners.LoginRunner" name="runScenario" time="11.760"/>
  <testcase classname="runners.LoginRunner" name="runScenario" time="16.289"/>
  <testcase classname="runners.LoginRunner" name="runScenario" time="10.725"/>
</testsuite> <!-- runners.LoginRunner -->
