<?xml version="1.0" encoding="UTF-8"?>
<!-- Generated by org.testng.reporters.JUnitReportReporter -->
<testsuite hostname="DESKTOP-OHQC077" failures="0" tests="1" name="stepDefinitions.learing" time="29.206" errors="0" timestamp="2025-05-19T16:07:16 IST" skipped="0">
  <testcase classname="stepDefinitions.learing" name="checkbox" time="29.206"/>
</testsuite> <!-- stepDefinitions.learing -->
