<?xml version="1.0" encoding="UTF-8"?>
<!-- Generated by org.testng.reporters.JUnitReportReporter -->
<testsuite hostname="DESKTOP-OHQC077" failures="0" tests="2" name="runners.ForgotPasswordRunner" time="81.522" errors="0" timestamp="2025-05-19T15:50:18 IST" skipped="0">
  <testcase classname="runners.ForgotPasswordRunner" name="runScenario" time="37.570"/>
  <testcase classname="runners.ForgotPasswordRunner" name="runScenario" time="43.952"/>
</testsuite> <!-- runners.ForgotPasswordRunner -->
