<?xml version="1.0" encoding="UTF-8"?>
<!-- Generated by org.testng.reporters.JUnitReportReporter -->
<testsuite hostname="DESKTOP-T93JTV2" failures="0" tests="10" name="runners.leave_Type_runner" time="320.595" errors="0" timestamp="2025-04-23T13:34:01 IST" skipped="0">
  <testcase classname="runners.leave_Type_runner" name="runScenario" time="29.613"/>
  <testcase classname="runners.leave_Type_runner" name="runScenario" time="32.473"/>
  <testcase classname="runners.leave_Type_runner" name="runScenario" time="33.956"/>
  <testcase classname="runners.leave_Type_runner" name="runScenario" time="34.425"/>
  <testcase classname="runners.leave_Type_runner" name="runScenario" time="30.227"/>
  <testcase classname="runners.leave_Type_runner" name="runScenario" time="34.162"/>
  <testcase classname="runners.leave_Type_runner" name="runScenario" time="34.600"/>
  <testcase classname="runners.leave_Type_runner" name="runScenario" time="26.930"/>
  <testcase classname="runners.leave_Type_runner" name="runScenario" time="29.716"/>
  <testcase classname="runners.leave_Type_runner" name="runScenario" time="34.493"/>
</testsuite> <!-- runners.leave_Type_runner -->
