<?xml version="1.0" encoding="UTF-8"?>
<!-- Generated by org.testng.reporters.JUnitReportReporter -->
<testsuite hostname="DESKTOP-T93JTV2" failures="0" tests="8" name="runners.TestNG_runer" time="135.266" errors="0" timestamp="2025-03-13T15:17:20 IST" skipped="0">
  <testcase classname="runners.TestNG_runer" name="runScenario" time="13.287"/>
  <testcase classname="runners.TestNG_runer" name="runScenario" time="9.825"/>
  <testcase classname="runners.TestNG_runer" name="runScenario" time="27.279"/>
  <testcase classname="runners.TestNG_runer" name="runScenario" time="12.990"/>
  <testcase classname="runners.TestNG_runer" name="runScenario" time="11.439"/>
  <testcase classname="runners.TestNG_runer" name="runScenario" time="30.966"/>
  <testcase classname="runners.TestNG_runer" name="runScenario" time="13.192"/>
  <testcase classname="runners.TestNG_runer" name="runScenario" time="16.288"/>
</testsuite> <!-- runners.TestNG_runer -->
