<?xml version="1.0" encoding="UTF-8"?>
<!-- Generated by org.testng.reporters.JUnitReportReporter -->
<testsuite hostname="DESKTOP-T93JTV2" failures="0" tests="1" name="runners.forgot_password_runner" time="50.560" errors="0" timestamp="2025-04-22T12:21:38 IST" skipped="0">
  <testcase classname="runners.forgot_password_runner" name="runScenario" time="50.560"/>
</testsuite> <!-- runners.forgot_password_runner -->
