<?xml version="1.0" encoding="UTF-8"?>
<!-- Generated by org.testng.reporters.JUnitReportReporter -->
<testsuite hostname="DESKTOP-T93JTV2" failures="0" tests="1" name="runners.TestNG_runer" time="15.577" errors="0" timestamp="2025-04-02T16:18:32 IST" skipped="0">
  <testcase classname="runners.TestNG_runer" name="runScenario" time="15.577"/>
</testsuite> <!-- runners.TestNG_runer -->
