<?xml version="1.0" encoding="UTF-8"?>
<!-- Generated by org.testng.reporters.JUnitReportReporter -->
<testsuite hostname="DESKTOP-OHQC077" failures="0" tests="1" name="runners.LeaveTypeRunner" time="38.273" errors="0" timestamp="2025-05-16T11:04:22 IST" skipped="0">
  <testcase classname="runners.LeaveTypeRunner" name="runScenario" time="38.273"/>
</testsuite> <!-- runners.LeaveTypeRunner -->
