<?xml version="1.0" encoding="UTF-8"?>
<!-- Generated by org.testng.reporters.JUnitReportReporter -->
<testsuite hostname="DESKTOP-OHQC077" failures="0" tests="10" name="runners.OrganizationSettingRunner" time="350.302" errors="0" timestamp="2025-05-19T14:08:45 IST" skipped="0">
  <testcase classname="runners.OrganizationSettingRunner" name="runScenario" time="31.579"/>
  <testcase classname="runners.OrganizationSettingRunner" name="runScenario" time="38.350"/>
  <testcase classname="runners.OrganizationSettingRunner" name="runScenario" time="31.491"/>
  <testcase classname="runners.OrganizationSettingRunner" name="runScenario" time="31.543"/>
  <testcase classname="runners.OrganizationSettingRunner" name="runScenario" time="38.033"/>
  <testcase classname="runners.OrganizationSettingRunner" name="runScenario" time="38.616"/>
  <testcase classname="runners.OrganizationSettingRunner" name="runScenario" time="31.622"/>
  <testcase classname="runners.OrganizationSettingRunner" name="runScenario" time="39.947"/>
  <testcase classname="runners.OrganizationSettingRunner" name="runScenario" time="37.951"/>
  <testcase classname="runners.OrganizationSettingRunner" name="runScenario" time="31.170"/>
</testsuite> <!-- runners.OrganizationSettingRunner -->
