<?xml version="1.0" encoding="UTF-8"?>
<!-- Generated by org.testng.reporters.JUnitReportReporter -->
<testsuite hostname="DESKTOP-OHQC077" failures="0" tests="8" name="runners.LoginRunner" time="108.557" errors="0" timestamp="2025-05-15T16:30:06 IST" skipped="0">
  <testcase classname="runners.LoginRunner" name="runScenario" time="12.277"/>
  <testcase classname="runners.LoginRunner" name="runScenario" time="14.736"/>
  <testcase classname="runners.LoginRunner" name="runScenario" time="12.652"/>
  <testcase classname="runners.LoginRunner" name="runScenario" time="19.055"/>
  <testcase classname="runners.LoginRunner" name="runScenario" time="15.326"/>
  <testcase classname="runners.LoginRunner" name="runScenario" time="13.414"/>
  <testcase classname="runners.LoginRunner" name="runScenario" time="11.134"/>
  <testcase classname="runners.LoginRunner" name="runScenario" time="9.963"/>
</testsuite> <!-- runners.LoginRunner -->
