<?xml version="1.0" encoding="UTF-8"?>
<!-- Generated by org.testng.reporters.JUnitReportReporter -->
<testsuite hostname="DESKTOP-T93JTV2" failures="0" tests="1" name="runners.Login_runer" time="11.106" errors="0" timestamp="2025-04-22T12:10:28 IST" skipped="0">
  <testcase classname="runners.Login_runer" name="runScenario" time="11.106"/>
</testsuite> <!-- runners.Login_runer -->
