<?xml version="1.0" encoding="UTF-8"?>
<!-- Generated by org.testng.reporters.JUnitReportReporter -->
<testsuite hostname="DESKTOP-T93JTV2" failures="0" tests="2" name="runners.RunFailTestCase" time="38.036" errors="0" timestamp="2025-03-18T18:08:00 IST" skipped="0">
  <testcase classname="runners.RunFailTestCase" name="runScenario" time="19.699"/>
  <testcase classname="runners.RunFailTestCase" name="runScenario" time="18.337"/>
</testsuite> <!-- runners.RunFailTestCase -->
