<?xml version="1.0" encoding="UTF-8"?>
<!-- Generated by org.testng.reporters.JUnitReportReporter -->
<testsuite hostname="DESKTOP-T93JTV2" failures="0" tests="1" name="runners.TestNG_runer" time="13.024" errors="0" timestamp="2025-03-13T18:37:43 IST" skipped="0">
  <testcase classname="runners.TestNG_runer" name="runScenario" time="13.024"/>
</testsuite> <!-- runners.TestNG_runer -->
