<?xml version="1.0" encoding="UTF-8"?>
<!-- Generated by org.testng.reporters.JUnitReportReporter -->
<testsuite hostname="DESKTOP-T93JTV2" failures="0" tests="2" name="runners.FailedTestRunner" time="40.485" errors="0" timestamp="2025-03-25T15:13:55 IST" skipped="0">
  <testcase classname="runners.FailedTestRunner" name="runScenario" time="20.906"/>
  <testcase classname="runners.FailedTestRunner" name="runScenario" time="19.579"/>
</testsuite> <!-- runners.FailedTestRunner -->
